<?xml version="1.0" encoding="UTF-8"?>
<testsuites name="GeorgiaPowerPOC" time="21" tests="0" failures="1" errors="0">
   <testsuite name="GeorgiaPowerPOC" tests="0" failures="1" errors="0" time="21" timestamp="2019-01-22 09:24:30" hostname="mitali.p.shah - CPX-SJJHSRSSIFU.dir.svc.accenture.com" id="Test Suites/GeorgiaPowerPOC">
      <properties>
         <property name="deviceName" value=""/>
         <property name="devicePlatform" value=""/>
         <property name="logFolder" value="C:\\Users\\mitali.p.shah\\Katalon Studio\\POCGeorgiaPower\\Reports\\GeorgiaPowerPOC\\20190122_092427"/>
         <property name="logFiles" value="C:\\Users\\mitali.p.shah\\Katalon Studio\\POCGeorgiaPower\\Reports\\GeorgiaPowerPOC\\20190122_092427\\execution0.log"/>
         <property name="attachments" value="C:\\Users\\mitali.p.shah\\Katalon Studio\\POCGeorgiaPower\\Reports\\GeorgiaPowerPOC\\20190122_092427\\1548167089712.png"/>
         <property name="hostName" value="mitali.p.shah - CPX-SJJHSRSSIFU.dir.svc.accenture.com"/>
         <property name="os" value="Windows 10 64bit"/>
         <property name="katalonVersion" value="5.10.1.1"/>
         <property name="browser" value="Firefox 64.0"/>
         <property name="hostAddress" value="10.0.75.1"/>
         <property name="sessionId" value="26fec5ca-e152-4bfa-ba47-69111f7fe376"/>
         <property name="seleniumVersion" value="3.7.1"/>
         <property name="proxyInformation" value="ProxyInformation{proxyOption=NO_PROXY, proxyServerType=HTTP, password=, proxyServerAddress=, proxyServerPort=0}"/>
         <property name="platform" value="Windows 10"/>
      </properties>
      <testcase name="Test Cases/CreateUser" classname="Test Cases/CreateUser" status="FAILED">
         <failure type="FAILED" message="Test Cases/CreateUser FAILED.
Reason:
com.kms.katalon.core.exception.StepFailedException: Unable to verify object is present (Root cause: java.lang.IllegalArgumentException: Object is null)
	at com.kms.katalon.core.keyword.internal.KeywordMain.stepFailed(KeywordMain.groovy:36)
	at com.kms.katalon.core.webui.keyword.internal.WebUIKeywordMain.stepFailed(WebUIKeywordMain.groovy:65)
	at com.kms.katalon.core.webui.keyword.internal.WebUIKeywordMain.runKeyword(WebUIKeywordMain.groovy:27)
	at com.kms.katalon.core.webui.keyword.builtin.VerifyElementPresentKeyword.verifyElementPresent(VerifyElementPresentKeyword.groovy:92)
	at com.kms.katalon.core.webui.keyword.builtin.VerifyElementPresentKeyword.execute(VerifyElementPresentKeyword.groovy:68)
	at com.kms.katalon.core.keyword.internal.KeywordExecutor.executeKeywordForPlatform(KeywordExecutor.groovy:53)
	at com.kms.katalon.core.webui.keyword.WebUiBuiltInKeywords.verifyElementPresent(WebUiBuiltInKeywords.groovy:1434)
	at com.kms.katalon.core.webui.keyword.WebUiBuiltInKeywords$verifyElementPresent$5.call(Unknown Source)
	at CreateUser.run(CreateUser:57)
	at com.kms.katalon.core.main.ScriptEngine.run(ScriptEngine.java:194)
	at com.kms.katalon.core.main.ScriptEngine.runScriptAsRawText(ScriptEngine.java:119)
	at com.kms.katalon.core.main.TestCaseExecutor.runScript(TestCaseExecutor.java:328)
	at com.kms.katalon.core.main.TestCaseExecutor.doExecute(TestCaseExecutor.java:319)
	at com.kms.katalon.core.main.TestCaseExecutor.processExecutionPhase(TestCaseExecutor.java:298)
	at com.kms.katalon.core.main.TestCaseExecutor.accessMainPhase(TestCaseExecutor.java:290)
	at com.kms.katalon.core.main.TestCaseExecutor.execute(TestCaseExecutor.java:224)
	at com.kms.katalon.core.main.TestSuiteExecutor.accessTestCaseMainPhase(TestSuiteExecutor.java:129)
	at com.kms.katalon.core.main.TestSuiteExecutor.accessTestSuiteMainPhase(TestSuiteExecutor.java:112)
	at com.kms.katalon.core.main.TestSuiteExecutor.execute(TestSuiteExecutor.java:81)
	at com.kms.katalon.core.main.TestCaseMain.startTestSuite(TestCaseMain.java:149)
	at com.kms.katalon.core.main.TestCaseMain$startTestSuite$0.call(Unknown Source)
	at TempTestSuite1548167067735.run(TempTestSuite1548167067735.groovy:36)
"/>
         <system-out><![CDATA[2019-01-22 09:24:30 - [TEST_CASE][FAILED] - Test Cases/CreateUser: Test Cases/CreateUser FAILED.
Reason:
com.kms.katalon.core.exception.StepFailedException: Unable to verify object is present (Root cause: java.lang.IllegalArgumentException: Object is null)
	at com.kms.katalon.core.keyword.internal.KeywordMain.stepFailed(KeywordMain.groovy:36)
	at com.kms.katalon.core.webui.keyword.internal.WebUIKeywordMain.stepFailed(WebUIKeywordMain.groovy:65)
	at com.kms.katalon.core.webui.keyword.internal.WebUIKeywordMain.runKeyword(WebUIKeywordMain.groovy:27)
	at com.kms.katalon.core.webui.keyword.builtin.VerifyElementPresentKeyword.verifyElementPresent(VerifyElementPresentKeyword.groovy:92)
	at com.kms.katalon.core.webui.keyword.builtin.VerifyElementPresentKeyword.execute(VerifyElementPresentKeyword.groovy:68)
	at com.kms.katalon.core.keyword.internal.KeywordExecutor.executeKeywordForPlatform(KeywordExecutor.groovy:53)
	at com.kms.katalon.core.webui.keyword.WebUiBuiltInKeywords.verifyElementPresent(WebUiBuiltInKeywords.groovy:1434)
	at com.kms.katalon.core.webui.keyword.WebUiBuiltInKeywords$verifyElementPresent$5.call(Unknown Source)
	at CreateUser.run(CreateUser:57)
	at com.kms.katalon.core.main.ScriptEngine.run(ScriptEngine.java:194)
	at com.kms.katalon.core.main.ScriptEngine.runScriptAsRawText(ScriptEngine.java:119)
	at com.kms.katalon.core.main.TestCaseExecutor.runScript(TestCaseExecutor.java:328)
	at com.kms.katalon.core.main.TestCaseExecutor.doExecute(TestCaseExecutor.java:319)
	at com.kms.katalon.core.main.TestCaseExecutor.processExecutionPhase(TestCaseExecutor.java:298)
	at com.kms.katalon.core.main.TestCaseExecutor.accessMainPhase(TestCaseExecutor.java:290)
	at com.kms.katalon.core.main.TestCaseExecutor.execute(TestCaseExecutor.java:224)
	at com.kms.katalon.core.main.TestSuiteExecutor.accessTestCaseMainPhase(TestSuiteExecutor.java:129)
	at com.kms.katalon.core.main.TestSuiteExecutor.accessTestSuiteMainPhase(TestSuiteExecutor.java:112)
	at com.kms.katalon.core.main.TestSuiteExecutor.execute(TestSuiteExecutor.java:81)
	at com.kms.katalon.core.main.TestCaseMain.startTestSuite(TestCaseMain.java:149)
	at com.kms.katalon.core.main.TestCaseMain$startTestSuite$0.call(Unknown Source)
	at TempTestSuite1548167067735.run(TempTestSuite1548167067735.groovy:36)


2019-01-22 09:24:30 - [TEST_STEP][PASSED] - openBrowser(""): Browser is opened with url: ''

2019-01-22 09:24:31 - [MESSAGE][INFO] - Starting 'Firefox' driver

2019-01-22 09:24:31 - [MESSAGE][INFO] - Action delay is set to 0 seconds

2019-01-22 09:24:37 - [MESSAGE][PASSED] - Browser is opened with url: ''

2019-01-22 09:24:37 - [TEST_STEP][PASSED] - navigateToUrl("https://iddtrain.georgiacollaborative.com/IDDPortal/"): Navigate to 'https://iddtrain.georgiacollaborative.com/IDDPortal/' successfully

2019-01-22 09:24:41 - [MESSAGE][PASSED] - Navigate to 'https://iddtrain.georgiacollaborative.com/IDDPortal/' successfully

2019-01-22 09:24:41 - [TEST_STEP][PASSED] - maximizeWindow(): Current window maximized

2019-01-22 09:24:45 - [MESSAGE][PASSED] - Current window maximized

2019-01-22 09:24:45 - [TEST_STEP][PASSED] - click(findTestObject("Object Repository/GeorgiaPowerPOC/Page_Online Application for Intelle/a_New User Please Sign Up Here")): Object: 'Object Repository/GeorgiaPowerPOC/Page_Online Application for Intelle/a_New User Please Sign Up Here' is clicked on

2019-01-22 09:24:45 - [MESSAGE][PASSED] - Object: 'Object Repository/GeorgiaPowerPOC/Page_Online Application for Intelle/a_New User Please Sign Up Here' is clicked on

2019-01-22 09:24:45 - [TEST_STEP][PASSED] - setText(findTestObject("GeorgiaPowerPOC/Page_Online Application for Intelle/input__firstname"), "Test"): Text 'Test' is set on object 'Object Repository/GeorgiaPowerPOC/Page_Online Application for Intelle/input__firstname'

2019-01-22 09:24:45 - [MESSAGE][PASSED] - Text 'Test' is set on object 'Object Repository/GeorgiaPowerPOC/Page_Online Application for Intelle/input__firstname'

2019-01-22 09:24:45 - [TEST_STEP][PASSED] - setText(findTestObject("GeorgiaPowerPOC/Page_Online Application for Intelle/input__lastname"), "Tests"): Text 'Tests' is set on object 'Object Repository/GeorgiaPowerPOC/Page_Online Application for Intelle/input__lastname'

2019-01-22 09:24:46 - [MESSAGE][PASSED] - Text 'Tests' is set on object 'Object Repository/GeorgiaPowerPOC/Page_Online Application for Intelle/input__lastname'

2019-01-22 09:24:46 - [TEST_STEP][PASSED] - setText(findTestObject("Object Repository/GeorgiaPowerPOC/Page_Online Application for Intelle/input__username"), "TestTests1"): Text 'TestTests1' is set on object 'Object Repository/GeorgiaPowerPOC/Page_Online Application for Intelle/input__username'

2019-01-22 09:24:46 - [MESSAGE][PASSED] - Text 'TestTests1' is set on object 'Object Repository/GeorgiaPowerPOC/Page_Online Application for Intelle/input__username'

2019-01-22 09:24:46 - [TEST_STEP][PASSED] - setText(findTestObject("Object Repository/GeorgiaPowerPOC/Page_Online Application for Intelle/input__password"), "Password123"): Text 'Password123' is set on object 'Object Repository/GeorgiaPowerPOC/Page_Online Application for Intelle/input__password'

2019-01-22 09:24:46 - [MESSAGE][PASSED] - Text 'Password123' is set on object 'Object Repository/GeorgiaPowerPOC/Page_Online Application for Intelle/input__password'

2019-01-22 09:24:46 - [TEST_STEP][PASSED] - setText(findTestObject("Object Repository/GeorgiaPowerPOC/Page_Online Application for Intelle/input__rpassword"), "Password123"): Text 'Password123' is set on object 'Object Repository/GeorgiaPowerPOC/Page_Online Application for Intelle/input__rpassword'

2019-01-22 09:24:46 - [MESSAGE][PASSED] - Text 'Password123' is set on object 'Object Repository/GeorgiaPowerPOC/Page_Online Application for Intelle/input__rpassword'

2019-01-22 09:24:46 - [TEST_STEP][PASSED] - setText(findTestObject("Object Repository/GeorgiaPowerPOC/Page_Online Application for Intelle/input__email"), "test@tests.com"): Text 'test@tests.com' is set on object 'Object Repository/GeorgiaPowerPOC/Page_Online Application for Intelle/input__email'

2019-01-22 09:24:47 - [MESSAGE][PASSED] - Text 'test@tests.com' is set on object 'Object Repository/GeorgiaPowerPOC/Page_Online Application for Intelle/input__email'

2019-01-22 09:24:47 - [TEST_STEP][PASSED] - selectOptionByValue(findTestObject("Object Repository/GeorgiaPowerPOC/Page_Online Application for Intelle/select_-- Select --"), "14: 7", true): All options with value '14: 7' are selected in object 'Object Repository/GeorgiaPowerPOC/Page_Online Application for Intelle/select_-- Select --'  using regular expression

2019-01-22 09:24:47 - [MESSAGE][PASSED] - All options with value '14: 7' are selected in object 'Object Repository/GeorgiaPowerPOC/Page_Online Application for Intelle/select_-- Select --'  using regular expression

2019-01-22 09:24:47 - [TEST_STEP][PASSED] - setText(findTestObject("Object Repository/GeorgiaPowerPOC/Page_Online Application for Intelle/input__answer1"), "Mumbai"): Text 'Mumbai' is set on object 'Object Repository/GeorgiaPowerPOC/Page_Online Application for Intelle/input__answer1'

2019-01-22 09:24:47 - [MESSAGE][PASSED] - Text 'Mumbai' is set on object 'Object Repository/GeorgiaPowerPOC/Page_Online Application for Intelle/input__answer1'

2019-01-22 09:24:47 - [TEST_STEP][PASSED] - selectOptionByValue(findTestObject("Object Repository/GeorgiaPowerPOC/Page_Online Application for Intelle/select_-- Select --           _1"), "12: 3", true): All options with value '12: 3' are selected in object 'Object Repository/GeorgiaPowerPOC/Page_Online Application for Intelle/select_-- Select --           _1'  using regular expression

2019-01-22 09:24:48 - [MESSAGE][PASSED] - All options with value '12: 3' are selected in object 'Object Repository/GeorgiaPowerPOC/Page_Online Application for Intelle/select_-- Select --           _1'  using regular expression

2019-01-22 09:24:48 - [TEST_STEP][PASSED] - setText(findTestObject("Object Repository/GeorgiaPowerPOC/Page_Online Application for Intelle/input__answer2"), "Homeland Security"): Text 'Homeland Security' is set on object 'Object Repository/GeorgiaPowerPOC/Page_Online Application for Intelle/input__answer2'

2019-01-22 09:24:48 - [MESSAGE][PASSED] - Text 'Homeland Security' is set on object 'Object Repository/GeorgiaPowerPOC/Page_Online Application for Intelle/input__answer2'

2019-01-22 09:24:48 - [TEST_STEP][PASSED] - selectOptionByValue(findTestObject("Object Repository/GeorgiaPowerPOC/Page_Online Application for Intelle/select_-- Select --           _2"), "13: 4", true): All options with value '13: 4' are selected in object 'Object Repository/GeorgiaPowerPOC/Page_Online Application for Intelle/select_-- Select --           _2'  using regular expression

2019-01-22 09:24:48 - [MESSAGE][PASSED] - All options with value '13: 4' are selected in object 'Object Repository/GeorgiaPowerPOC/Page_Online Application for Intelle/select_-- Select --           _2'  using regular expression

2019-01-22 09:24:48 - [TEST_STEP][PASSED] - setText(findTestObject("Object Repository/GeorgiaPowerPOC/Page_Online Application for Intelle/input__answer3"), "Yellow"): Text 'Yellow' is set on object 'Object Repository/GeorgiaPowerPOC/Page_Online Application for Intelle/input__answer3'

2019-01-22 09:24:48 - [MESSAGE][PASSED] - Text 'Yellow' is set on object 'Object Repository/GeorgiaPowerPOC/Page_Online Application for Intelle/input__answer3'

2019-01-22 09:24:49 - [TEST_STEP][PASSED] - click(findTestObject("Object Repository/GeorgiaPowerPOC/Page_Online Application for Intelle/input__preflang")): Object: 'Object Repository/GeorgiaPowerPOC/Page_Online Application for Intelle/input__preflang' is clicked on

2019-01-22 09:24:49 - [MESSAGE][PASSED] - Object: 'Object Repository/GeorgiaPowerPOC/Page_Online Application for Intelle/input__preflang' is clicked on

2019-01-22 09:24:49 - [TEST_STEP][PASSED] - click(findTestObject("Object Repository/GeorgiaPowerPOC/Page_Online Application for Intelle/button_Continue")): Object: 'Object Repository/GeorgiaPowerPOC/Page_Online Application for Intelle/button_Continue' is clicked on

2019-01-22 09:24:49 - [MESSAGE][PASSED] - Object: 'Object Repository/GeorgiaPowerPOC/Page_Online Application for Intelle/button_Continue' is clicked on

2019-01-22 09:24:49 - [TEST_STEP][FAILED] - verifyElementPresent(findTestObject("Page_Online Application for Intelle/h2_Welcome                Test"), 0): verifyElementPresent(findTestObject("Page_Online Application for Intelle/h2_Welcome                Test"), 0) FAILED.
Reason:
com.kms.katalon.core.exception.StepFailedException: Unable to verify object is present (Root cause: java.lang.IllegalArgumentException: Object is null)
	at com.kms.katalon.core.keyword.internal.KeywordMain.stepFailed(KeywordMain.groovy:36)
	at com.kms.katalon.core.webui.keyword.internal.WebUIKeywordMain.stepFailed(WebUIKeywordMain.groovy:65)
	at com.kms.katalon.core.webui.keyword.internal.WebUIKeywordMain.runKeyword(WebUIKeywordMain.groovy:27)
	at com.kms.katalon.core.webui.keyword.builtin.VerifyElementPresentKeyword.verifyElementPresent(VerifyElementPresentKeyword.groovy:92)
	at com.kms.katalon.core.webui.keyword.builtin.VerifyElementPresentKeyword.execute(VerifyElementPresentKeyword.groovy:68)
	at com.kms.katalon.core.keyword.internal.KeywordExecutor.executeKeywordForPlatform(KeywordExecutor.groovy:53)
	at com.kms.katalon.core.webui.keyword.WebUiBuiltInKeywords.verifyElementPresent(WebUiBuiltInKeywords.groovy:1434)
	at com.kms.katalon.core.webui.keyword.WebUiBuiltInKeywords$verifyElementPresent$5.call(Unknown Source)
	at CreateUser.run(CreateUser:57)
	at com.kms.katalon.core.main.ScriptEngine.run(ScriptEngine.java:194)
	at com.kms.katalon.core.main.ScriptEngine.runScriptAsRawText(ScriptEngine.java:119)
	at com.kms.katalon.core.main.TestCaseExecutor.runScript(TestCaseExecutor.java:328)
	at com.kms.katalon.core.main.TestCaseExecutor.doExecute(TestCaseExecutor.java:319)
	at com.kms.katalon.core.main.TestCaseExecutor.processExecutionPhase(TestCaseExecutor.java:298)
	at com.kms.katalon.core.main.TestCaseExecutor.accessMainPhase(TestCaseExecutor.java:290)
	at com.kms.katalon.core.main.TestCaseExecutor.execute(TestCaseExecutor.java:224)
	at com.kms.katalon.core.main.TestSuiteExecutor.accessTestCaseMainPhase(TestSuiteExecutor.java:129)
	at com.kms.katalon.core.main.TestSuiteExecutor.accessTestSuiteMainPhase(TestSuiteExecutor.java:112)
	at com.kms.katalon.core.main.TestSuiteExecutor.execute(TestSuiteExecutor.java:81)
	at com.kms.katalon.core.main.TestCaseMain.startTestSuite(TestCaseMain.java:149)
	at com.kms.katalon.core.main.TestCaseMain$startTestSuite$0.call(Unknown Source)
	at TempTestSuite1548167067735.run(TempTestSuite1548167067735.groovy:36)


2019-01-22 09:24:49 - [MESSAGE][WARNING] - Test object with id 'Object Repository/Page_Online Application for Intelle/h2_Welcome                Test' does not exist

2019-01-22 09:24:49 - [MESSAGE][WARNING] - Test object with id 'Object Repository/' does not exist

2019-01-22 09:24:49 - [MESSAGE][FAILED] - Unable to verify object is present (Root cause: java.lang.IllegalArgumentException: Object is null)
[[ATTACHMENT|C:\\Users\\mitali.p.shah\\Katalon Studio\\POCGeorgiaPower\\Reports\\GeorgiaPowerPOC\\20190122_092427\\1548167089712.png]]

2019-01-22 09:24:49 - [MESSAGE][FAILED] - verifyElementPresent(findTestObject("Page_Online Application for Intelle/h2_Welcome                Test"), 0) FAILED.
Reason:
com.kms.katalon.core.exception.StepFailedException: Unable to verify object is present (Root cause: java.lang.IllegalArgumentException: Object is null)
	at com.kms.katalon.core.keyword.internal.KeywordMain.stepFailed(KeywordMain.groovy:36)
	at com.kms.katalon.core.webui.keyword.internal.WebUIKeywordMain.stepFailed(WebUIKeywordMain.groovy:65)
	at com.kms.katalon.core.webui.keyword.internal.WebUIKeywordMain.runKeyword(WebUIKeywordMain.groovy:27)
	at com.kms.katalon.core.webui.keyword.builtin.VerifyElementPresentKeyword.verifyElementPresent(VerifyElementPresentKeyword.groovy:92)
	at com.kms.katalon.core.webui.keyword.builtin.VerifyElementPresentKeyword.execute(VerifyElementPresentKeyword.groovy:68)
	at com.kms.katalon.core.keyword.internal.KeywordExecutor.executeKeywordForPlatform(KeywordExecutor.groovy:53)
	at com.kms.katalon.core.webui.keyword.WebUiBuiltInKeywords.verifyElementPresent(WebUiBuiltInKeywords.groovy:1434)
	at com.kms.katalon.core.webui.keyword.WebUiBuiltInKeywords$verifyElementPresent$5.call(Unknown Source)
	at CreateUser.run(CreateUser:57)
	at com.kms.katalon.core.main.ScriptEngine.run(ScriptEngine.java:194)
	at com.kms.katalon.core.main.ScriptEngine.runScriptAsRawText(ScriptEngine.java:119)
	at com.kms.katalon.core.main.TestCaseExecutor.runScript(TestCaseExecutor.java:328)
	at com.kms.katalon.core.main.TestCaseExecutor.doExecute(TestCaseExecutor.java:319)
	at com.kms.katalon.core.main.TestCaseExecutor.processExecutionPhase(TestCaseExecutor.java:298)
	at com.kms.katalon.core.main.TestCaseExecutor.accessMainPhase(TestCaseExecutor.java:290)
	at com.kms.katalon.core.main.TestCaseExecutor.execute(TestCaseExecutor.java:224)
	at com.kms.katalon.core.main.TestSuiteExecutor.accessTestCaseMainPhase(TestSuiteExecutor.java:129)
	at com.kms.katalon.core.main.TestSuiteExecutor.accessTestSuiteMainPhase(TestSuiteExecutor.java:112)
	at com.kms.katalon.core.main.TestSuiteExecutor.execute(TestSuiteExecutor.java:81)
	at com.kms.katalon.core.main.TestCaseMain.startTestSuite(TestCaseMain.java:149)
	at com.kms.katalon.core.main.TestCaseMain$startTestSuite$0.call(Unknown Source)
	at TempTestSuite1548167067735.run(TempTestSuite1548167067735.groovy:36)]]></system-out>
         <system-err><![CDATA[2019-01-22 09:24:30 - [TEST_CASE][FAILED] - Test Cases/CreateUser: Test Cases/CreateUser FAILED.
Reason:
com.kms.katalon.core.exception.StepFailedException: Unable to verify object is present (Root cause: java.lang.IllegalArgumentException: Object is null)
	at com.kms.katalon.core.keyword.internal.KeywordMain.stepFailed(KeywordMain.groovy:36)
	at com.kms.katalon.core.webui.keyword.internal.WebUIKeywordMain.stepFailed(WebUIKeywordMain.groovy:65)
	at com.kms.katalon.core.webui.keyword.internal.WebUIKeywordMain.runKeyword(WebUIKeywordMain.groovy:27)
	at com.kms.katalon.core.webui.keyword.builtin.VerifyElementPresentKeyword.verifyElementPresent(VerifyElementPresentKeyword.groovy:92)
	at com.kms.katalon.core.webui.keyword.builtin.VerifyElementPresentKeyword.execute(VerifyElementPresentKeyword.groovy:68)
	at com.kms.katalon.core.keyword.internal.KeywordExecutor.executeKeywordForPlatform(KeywordExecutor.groovy:53)
	at com.kms.katalon.core.webui.keyword.WebUiBuiltInKeywords.verifyElementPresent(WebUiBuiltInKeywords.groovy:1434)
	at com.kms.katalon.core.webui.keyword.WebUiBuiltInKeywords$verifyElementPresent$5.call(Unknown Source)
	at CreateUser.run(CreateUser:57)
	at com.kms.katalon.core.main.ScriptEngine.run(ScriptEngine.java:194)
	at com.kms.katalon.core.main.ScriptEngine.runScriptAsRawText(ScriptEngine.java:119)
	at com.kms.katalon.core.main.TestCaseExecutor.runScript(TestCaseExecutor.java:328)
	at com.kms.katalon.core.main.TestCaseExecutor.doExecute(TestCaseExecutor.java:319)
	at com.kms.katalon.core.main.TestCaseExecutor.processExecutionPhase(TestCaseExecutor.java:298)
	at com.kms.katalon.core.main.TestCaseExecutor.accessMainPhase(TestCaseExecutor.java:290)
	at com.kms.katalon.core.main.TestCaseExecutor.execute(TestCaseExecutor.java:224)
	at com.kms.katalon.core.main.TestSuiteExecutor.accessTestCaseMainPhase(TestSuiteExecutor.java:129)
	at com.kms.katalon.core.main.TestSuiteExecutor.accessTestSuiteMainPhase(TestSuiteExecutor.java:112)
	at com.kms.katalon.core.main.TestSuiteExecutor.execute(TestSuiteExecutor.java:81)
	at com.kms.katalon.core.main.TestCaseMain.startTestSuite(TestCaseMain.java:149)
	at com.kms.katalon.core.main.TestCaseMain$startTestSuite$0.call(Unknown Source)
	at TempTestSuite1548167067735.run(TempTestSuite1548167067735.groovy:36)]]></system-err>
      </testcase>
      <system-out><![CDATA[2019-01-22 09:24:30 - [TEST_SUITE][FAILED] - GeorgiaPowerPOC: Test Cases/CreateUser FAILED.
Reason:
com.kms.katalon.core.exception.StepFailedException: Unable to verify object is present (Root cause: java.lang.IllegalArgumentException: Object is null)
	at com.kms.katalon.core.keyword.internal.KeywordMain.stepFailed(KeywordMain.groovy:36)
	at com.kms.katalon.core.webui.keyword.internal.WebUIKeywordMain.stepFailed(WebUIKeywordMain.groovy:65)
	at com.kms.katalon.core.webui.keyword.internal.WebUIKeywordMain.runKeyword(WebUIKeywordMain.groovy:27)
	at com.kms.katalon.core.webui.keyword.builtin.VerifyElementPresentKeyword.verifyElementPresent(VerifyElementPresentKeyword.groovy:92)
	at com.kms.katalon.core.webui.keyword.builtin.VerifyElementPresentKeyword.execute(VerifyElementPresentKeyword.groovy:68)
	at com.kms.katalon.core.keyword.internal.KeywordExecutor.executeKeywordForPlatform(KeywordExecutor.groovy:53)
	at com.kms.katalon.core.webui.keyword.WebUiBuiltInKeywords.verifyElementPresent(WebUiBuiltInKeywords.groovy:1434)
	at com.kms.katalon.core.webui.keyword.WebUiBuiltInKeywords$verifyElementPresent$5.call(Unknown Source)
	at CreateUser.run(CreateUser:57)
	at com.kms.katalon.core.main.ScriptEngine.run(ScriptEngine.java:194)
	at com.kms.katalon.core.main.ScriptEngine.runScriptAsRawText(ScriptEngine.java:119)
	at com.kms.katalon.core.main.TestCaseExecutor.runScript(TestCaseExecutor.java:328)
	at com.kms.katalon.core.main.TestCaseExecutor.doExecute(TestCaseExecutor.java:319)
	at com.kms.katalon.core.main.TestCaseExecutor.processExecutionPhase(TestCaseExecutor.java:298)
	at com.kms.katalon.core.main.TestCaseExecutor.accessMainPhase(TestCaseExecutor.java:290)
	at com.kms.katalon.core.main.TestCaseExecutor.execute(TestCaseExecutor.java:224)
	at com.kms.katalon.core.main.TestSuiteExecutor.accessTestCaseMainPhase(TestSuiteExecutor.java:129)
	at com.kms.katalon.core.main.TestSuiteExecutor.accessTestSuiteMainPhase(TestSuiteExecutor.java:112)
	at com.kms.katalon.core.main.TestSuiteExecutor.execute(TestSuiteExecutor.java:81)
	at com.kms.katalon.core.main.TestCaseMain.startTestSuite(TestCaseMain.java:149)
	at com.kms.katalon.core.main.TestCaseMain$startTestSuite$0.call(Unknown Source)
	at TempTestSuite1548167067735.run(TempTestSuite1548167067735.groovy:36)]]></system-out>
      <system-err><![CDATA[2019-01-22 09:24:30 - [TEST_SUITE][FAILED] - GeorgiaPowerPOC: Test Cases/CreateUser FAILED.
Reason:
com.kms.katalon.core.exception.StepFailedException: Unable to verify object is present (Root cause: java.lang.IllegalArgumentException: Object is null)
	at com.kms.katalon.core.keyword.internal.KeywordMain.stepFailed(KeywordMain.groovy:36)
	at com.kms.katalon.core.webui.keyword.internal.WebUIKeywordMain.stepFailed(WebUIKeywordMain.groovy:65)
	at com.kms.katalon.core.webui.keyword.internal.WebUIKeywordMain.runKeyword(WebUIKeywordMain.groovy:27)
	at com.kms.katalon.core.webui.keyword.builtin.VerifyElementPresentKeyword.verifyElementPresent(VerifyElementPresentKeyword.groovy:92)
	at com.kms.katalon.core.webui.keyword.builtin.VerifyElementPresentKeyword.execute(VerifyElementPresentKeyword.groovy:68)
	at com.kms.katalon.core.keyword.internal.KeywordExecutor.executeKeywordForPlatform(KeywordExecutor.groovy:53)
	at com.kms.katalon.core.webui.keyword.WebUiBuiltInKeywords.verifyElementPresent(WebUiBuiltInKeywords.groovy:1434)
	at com.kms.katalon.core.webui.keyword.WebUiBuiltInKeywords$verifyElementPresent$5.call(Unknown Source)
	at CreateUser.run(CreateUser:57)
	at com.kms.katalon.core.main.ScriptEngine.run(ScriptEngine.java:194)
	at com.kms.katalon.core.main.ScriptEngine.runScriptAsRawText(ScriptEngine.java:119)
	at com.kms.katalon.core.main.TestCaseExecutor.runScript(TestCaseExecutor.java:328)
	at com.kms.katalon.core.main.TestCaseExecutor.doExecute(TestCaseExecutor.java:319)
	at com.kms.katalon.core.main.TestCaseExecutor.processExecutionPhase(TestCaseExecutor.java:298)
	at com.kms.katalon.core.main.TestCaseExecutor.accessMainPhase(TestCaseExecutor.java:290)
	at com.kms.katalon.core.main.TestCaseExecutor.execute(TestCaseExecutor.java:224)
	at com.kms.katalon.core.main.TestSuiteExecutor.accessTestCaseMainPhase(TestSuiteExecutor.java:129)
	at com.kms.katalon.core.main.TestSuiteExecutor.accessTestSuiteMainPhase(TestSuiteExecutor.java:112)
	at com.kms.katalon.core.main.TestSuiteExecutor.execute(TestSuiteExecutor.java:81)
	at com.kms.katalon.core.main.TestCaseMain.startTestSuite(TestCaseMain.java:149)
	at com.kms.katalon.core.main.TestCaseMain$startTestSuite$0.call(Unknown Source)
	at TempTestSuite1548167067735.run(TempTestSuite1548167067735.groovy:36)]]></system-err>
   </testsuite>
</testsuites>
