<?xml version="1.0" encoding="UTF-8"?>
<testsuites name="Submit App" time="86" tests="0" failures="1" errors="0">
   <testsuite name="Submit App" tests="0" failures="1" errors="0" time="86" timestamp="2019-01-28 11:21:13" hostname="mitali.p.shah - CPX-SJJHSRSSIFU.dir.svc.accenture.com" id="Test Suites/Submit App">
      <properties>
         <property name="deviceName" value=""/>
         <property name="devicePlatform" value=""/>
         <property name="logFolder" value="C:\\Users\\mitali.p.shah\\Katalon Studio\\POCGeorgiaPower\\Reports\\Submit App\\20190128_112107"/>
         <property name="logFiles" value="C:\\Users\\mitali.p.shah\\Katalon Studio\\POCGeorgiaPower\\Reports\\Submit App\\20190128_112107\\execution0.log"/>
         <property name="attachments" value="C:\\Users\\mitali.p.shah\\Katalon Studio\\POCGeorgiaPower\\Reports\\Submit App\\20190128_112107\\1548692555446.png"/>
         <property name="hostName" value="mitali.p.shah - CPX-SJJHSRSSIFU.dir.svc.accenture.com"/>
         <property name="os" value="Windows 10 64bit"/>
         <property name="katalonVersion" value="5.10.1.1"/>
         <property name="browser" value="Firefox 64.0"/>
         <property name="hostAddress" value="10.0.75.1"/>
         <property name="sessionId" value="04f3e94b-bee2-44a5-acc1-a3fbccebc08d"/>
         <property name="seleniumVersion" value="3.7.1"/>
         <property name="proxyInformation" value="ProxyInformation{proxyOption=NO_PROXY, proxyServerType=HTTP, password=, proxyServerAddress=, proxyServerPort=0}"/>
         <property name="platform" value="Windows 10"/>
      </properties>
      <testcase name="Test Cases/Submit Application" classname="Test Cases/Submit Application" status="FAILED">
         <failure type="FAILED" message="Test Cases/Submit Application FAILED.
Reason:
com.kms.katalon.core.exception.StepFailedException: Unable to set text 'PrimaryName' of object 'Object Repository/Submit Application/Page_Online Application for Intelle/4_Page_GeneralInformation/General info Page 2/input__pFName' (Root cause: org.openqa.selenium.ElementNotInteractableException: Element &lt;input id=&quot;generalPrimaryFirstname&quot; class=&quot;form-control ng-untouched ng-pristine ng-invalid&quot; name=&quot;pFName&quot; type=&quot;text&quot;> could not be scrolled into view
Build info: version: '3.7.1', revision: '8a0099a', time: '2017-11-06T21:07:36.161Z'
System info: host: 'CPX-SJJHSRSSIFU', ip: '10.0.75.1', os.name: 'Windows 10', os.arch: 'amd64', os.version: '10.0', java.version: '1.8.0_181'
Driver info: com.kms.katalon.core.webui.driver.firefox.CGeckoDriver
Capabilities {acceptInsecureCerts: true, browserName: firefox, browserVersion: 64.0.2, javascriptEnabled: true, moz:accessibilityChecks: false, moz:geckodriverVersion: 0.23.0, moz:headless: false, moz:processID: 2179456, moz:profile: C:\Users\mitali.p.shah\AppD..., moz:shutdownTimeout: 60000, moz:useNonSpecCompliantPointerOrigin: false, moz:webdriverClick: true, pageLoadStrategy: normal, platform: WINDOWS, platformName: WINDOWS, platformVersion: 10.0, proxy: Proxy(direct), rotatable: false, setWindowRect: true, timeouts: {implicit: 0, pageLoad: 300000, script: 30000}, unhandledPromptBehavior: dismiss and notify}
Session ID: 04f3e94b-bee2-44a5-acc1-a3fbccebc08d)
	at com.kms.katalon.core.keyword.internal.KeywordMain.stepFailed(KeywordMain.groovy:36)
	at com.kms.katalon.core.webui.keyword.internal.WebUIKeywordMain.stepFailed(WebUIKeywordMain.groovy:65)
	at com.kms.katalon.core.webui.keyword.internal.WebUIKeywordMain.runKeyword(WebUIKeywordMain.groovy:27)
	at com.kms.katalon.core.webui.keyword.builtin.SetTextKeyword.setText(SetTextKeyword.groovy:65)
	at com.kms.katalon.core.webui.keyword.builtin.SetTextKeyword.execute(SetTextKeyword.groovy:37)
	at com.kms.katalon.core.keyword.internal.KeywordExecutor.executeKeywordForPlatform(KeywordExecutor.groovy:53)
	at com.kms.katalon.core.webui.keyword.WebUiBuiltInKeywords.setText(WebUiBuiltInKeywords.groovy:950)
	at com.kms.katalon.core.webui.keyword.WebUiBuiltInKeywords$setText$1.call(Unknown Source)
	at Submit Application.run(Submit Application:120)
	at com.kms.katalon.core.main.ScriptEngine.run(ScriptEngine.java:194)
	at com.kms.katalon.core.main.ScriptEngine.runScriptAsRawText(ScriptEngine.java:119)
	at com.kms.katalon.core.main.TestCaseExecutor.runScript(TestCaseExecutor.java:328)
	at com.kms.katalon.core.main.TestCaseExecutor.doExecute(TestCaseExecutor.java:319)
	at com.kms.katalon.core.main.TestCaseExecutor.processExecutionPhase(TestCaseExecutor.java:298)
	at com.kms.katalon.core.main.TestCaseExecutor.accessMainPhase(TestCaseExecutor.java:290)
	at com.kms.katalon.core.main.TestCaseExecutor.execute(TestCaseExecutor.java:224)
	at com.kms.katalon.core.main.TestSuiteExecutor.accessTestCaseMainPhase(TestSuiteExecutor.java:129)
	at com.kms.katalon.core.main.TestSuiteExecutor.accessTestSuiteMainPhase(TestSuiteExecutor.java:112)
	at com.kms.katalon.core.main.TestSuiteExecutor.execute(TestSuiteExecutor.java:81)
	at com.kms.katalon.core.main.TestCaseMain.startTestSuite(TestCaseMain.java:149)
	at com.kms.katalon.core.main.TestCaseMain$startTestSuite$0.call(Unknown Source)
	at TempTestSuite1548692467620.run(TempTestSuite1548692467620.groovy:36)
"/>
         <system-out><![CDATA[2019-01-28 11:21:14 - [TEST_CASE][FAILED] - Test Cases/Submit Application: Test Cases/Submit Application FAILED.
Reason:
com.kms.katalon.core.exception.StepFailedException: Unable to set text 'PrimaryName' of object 'Object Repository/Submit Application/Page_Online Application for Intelle/4_Page_GeneralInformation/General info Page 2/input__pFName' (Root cause: org.openqa.selenium.ElementNotInteractableException: Element <input id="generalPrimaryFirstname" class="form-control ng-untouched ng-pristine ng-invalid" name="pFName" type="text"> could not be scrolled into view
Build info: version: '3.7.1', revision: '8a0099a', time: '2017-11-06T21:07:36.161Z'
System info: host: 'CPX-SJJHSRSSIFU', ip: '10.0.75.1', os.name: 'Windows 10', os.arch: 'amd64', os.version: '10.0', java.version: '1.8.0_181'
Driver info: com.kms.katalon.core.webui.driver.firefox.CGeckoDriver
Capabilities {acceptInsecureCerts: true, browserName: firefox, browserVersion: 64.0.2, javascriptEnabled: true, moz:accessibilityChecks: false, moz:geckodriverVersion: 0.23.0, moz:headless: false, moz:processID: 2179456, moz:profile: C:\Users\mitali.p.shah\AppD..., moz:shutdownTimeout: 60000, moz:useNonSpecCompliantPointerOrigin: false, moz:webdriverClick: true, pageLoadStrategy: normal, platform: WINDOWS, platformName: WINDOWS, platformVersion: 10.0, proxy: Proxy(direct), rotatable: false, setWindowRect: true, timeouts: {implicit: 0, pageLoad: 300000, script: 30000}, unhandledPromptBehavior: dismiss and notify}
Session ID: 04f3e94b-bee2-44a5-acc1-a3fbccebc08d)
	at com.kms.katalon.core.keyword.internal.KeywordMain.stepFailed(KeywordMain.groovy:36)
	at com.kms.katalon.core.webui.keyword.internal.WebUIKeywordMain.stepFailed(WebUIKeywordMain.groovy:65)
	at com.kms.katalon.core.webui.keyword.internal.WebUIKeywordMain.runKeyword(WebUIKeywordMain.groovy:27)
	at com.kms.katalon.core.webui.keyword.builtin.SetTextKeyword.setText(SetTextKeyword.groovy:65)
	at com.kms.katalon.core.webui.keyword.builtin.SetTextKeyword.execute(SetTextKeyword.groovy:37)
	at com.kms.katalon.core.keyword.internal.KeywordExecutor.executeKeywordForPlatform(KeywordExecutor.groovy:53)
	at com.kms.katalon.core.webui.keyword.WebUiBuiltInKeywords.setText(WebUiBuiltInKeywords.groovy:950)
	at com.kms.katalon.core.webui.keyword.WebUiBuiltInKeywords$setText$1.call(Unknown Source)
	at Submit Application.run(Submit Application:120)
	at com.kms.katalon.core.main.ScriptEngine.run(ScriptEngine.java:194)
	at com.kms.katalon.core.main.ScriptEngine.runScriptAsRawText(ScriptEngine.java:119)
	at com.kms.katalon.core.main.TestCaseExecutor.runScript(TestCaseExecutor.java:328)
	at com.kms.katalon.core.main.TestCaseExecutor.doExecute(TestCaseExecutor.java:319)
	at com.kms.katalon.core.main.TestCaseExecutor.processExecutionPhase(TestCaseExecutor.java:298)
	at com.kms.katalon.core.main.TestCaseExecutor.accessMainPhase(TestCaseExecutor.java:290)
	at com.kms.katalon.core.main.TestCaseExecutor.execute(TestCaseExecutor.java:224)
	at com.kms.katalon.core.main.TestSuiteExecutor.accessTestCaseMainPhase(TestSuiteExecutor.java:129)
	at com.kms.katalon.core.main.TestSuiteExecutor.accessTestSuiteMainPhase(TestSuiteExecutor.java:112)
	at com.kms.katalon.core.main.TestSuiteExecutor.execute(TestSuiteExecutor.java:81)
	at com.kms.katalon.core.main.TestCaseMain.startTestSuite(TestCaseMain.java:149)
	at com.kms.katalon.core.main.TestCaseMain$startTestSuite$0.call(Unknown Source)
	at TempTestSuite1548692467620.run(TempTestSuite1548692467620.groovy:36)


2019-01-28 11:21:15 - [TEST_STEP][PASSED] - openBrowser("https://iddtrain.georgiacollaborative.com/IDDPortal/"): Browser is opened with url: 'https://iddtrain.georgiacollaborative.com/IDDPortal/'

2019-01-28 11:21:16 - [MESSAGE][INFO] - Starting 'Firefox' driver

2019-01-28 11:21:16 - [MESSAGE][INFO] - Action delay is set to 0 seconds

2019-01-28 11:22:06 - [MESSAGE][PASSED] - Browser is opened with url: 'https://iddtrain.georgiacollaborative.com/IDDPortal/'

2019-01-28 11:22:06 - [TEST_STEP][NOT_RUN] - navigateToUrl("https://iddtrain.georgiacollaborative.com/IDDPortal/"): NOT_RUN: navigateToUrl("https://iddtrain.georgiacollaborative.com/IDDPortal/")

2019-01-28 11:22:06 - [MESSAGE][NOT_RUN] - NOT_RUN: navigateToUrl("https://iddtrain.georgiacollaborative.com/IDDPortal/")

2019-01-28 11:22:06 - [TEST_STEP][PASSED] - maximizeWindow(): Current window maximized

2019-01-28 11:22:10 - [MESSAGE][PASSED] - Current window maximized

2019-01-28 11:22:10 - [TEST_STEP][PASSED] - setText(findTestObject("Submit Application/Page_Online Application for Intelle/1_Page_HomePage to Login/input__username"), "Test123"): Text 'Test123' is set on object 'Object Repository/Submit Application/Page_Online Application for Intelle/1_Page_HomePage to Login/input__username'

2019-01-28 11:22:10 - [MESSAGE][PASSED] - Text 'Test123' is set on object 'Object Repository/Submit Application/Page_Online Application for Intelle/1_Page_HomePage to Login/input__username'

2019-01-28 11:22:10 - [TEST_STEP][PASSED] - setText(findTestObject("Submit Application/Page_Online Application for Intelle/1_Page_HomePage to Login/input__password"), "Password123"): Text 'Password123' is set on object 'Object Repository/Submit Application/Page_Online Application for Intelle/1_Page_HomePage to Login/input__password'

2019-01-28 11:22:10 - [MESSAGE][PASSED] - Text 'Password123' is set on object 'Object Repository/Submit Application/Page_Online Application for Intelle/1_Page_HomePage to Login/input__password'

2019-01-28 11:22:10 - [TEST_STEP][NOT_RUN] - Thread.sleep(3000): NOT_RUN: Thread.sleep(3000)

2019-01-28 11:22:10 - [MESSAGE][NOT_RUN] - NOT_RUN: Thread.sleep(3000)

2019-01-28 11:22:10 - [TEST_STEP][PASSED] - click(findTestObject("Submit Application/Page_Online Application for Intelle/1_Page_HomePage to Login/button_Login")): Object: 'Object Repository/Submit Application/Page_Online Application for Intelle/1_Page_HomePage to Login/button_Login' is clicked on

2019-01-28 11:22:11 - [MESSAGE][PASSED] - Object: 'Object Repository/Submit Application/Page_Online Application for Intelle/1_Page_HomePage to Login/button_Login' is clicked on

2019-01-28 11:22:11 - [TEST_STEP][NOT_RUN] - Thread.sleep(2000): NOT_RUN: Thread.sleep(2000)

2019-01-28 11:22:11 - [MESSAGE][NOT_RUN] - NOT_RUN: Thread.sleep(2000)

2019-01-28 11:22:11 - [TEST_STEP][PASSED] - click(findTestObject("Submit Application/Page_Online Application for Intelle/2_Page_Welcome/b_Submit a New Application")): Object: 'Object Repository/Submit Application/Page_Online Application for Intelle/2_Page_Welcome/b_Submit a New Application' is clicked on

2019-01-28 11:22:13 - [MESSAGE][PASSED] - Object: 'Object Repository/Submit Application/Page_Online Application for Intelle/2_Page_Welcome/b_Submit a New Application' is clicked on

2019-01-28 11:22:13 - [TEST_STEP][NOT_RUN] - Thread.sleep(2000): NOT_RUN: Thread.sleep(2000)

2019-01-28 11:22:13 - [MESSAGE][NOT_RUN] - NOT_RUN: Thread.sleep(2000)

2019-01-28 11:22:13 - [TEST_STEP][PASSED] - click(findTestObject("Submit Application/Page_Online Application for Intelle/3_Page_TermsAndConditions/div_httpsgadbhdd.policystat.co")): Object: 'Object Repository/Submit Application/Page_Online Application for Intelle/3_Page_TermsAndConditions/div_httpsgadbhdd.policystat.co' is clicked on

2019-01-28 11:22:14 - [MESSAGE][PASSED] - Object: 'Object Repository/Submit Application/Page_Online Application for Intelle/3_Page_TermsAndConditions/div_httpsgadbhdd.policystat.co' is clicked on

2019-01-28 11:22:14 - [TEST_STEP][PASSED] - click(findTestObject("Submit Application/Page_Online Application for Intelle/3_Page_TermsAndConditions/button_Proceed with online app")): Object: 'Object Repository/Submit Application/Page_Online Application for Intelle/3_Page_TermsAndConditions/button_Proceed with online app' is clicked on

2019-01-28 11:22:18 - [MESSAGE][PASSED] - Object: 'Object Repository/Submit Application/Page_Online Application for Intelle/3_Page_TermsAndConditions/button_Proceed with online app' is clicked on

2019-01-28 11:22:18 - [TEST_STEP][NOT_RUN] - Thread.sleep(2000): NOT_RUN: Thread.sleep(2000)

2019-01-28 11:22:18 - [MESSAGE][NOT_RUN] - NOT_RUN: Thread.sleep(2000)

2019-01-28 11:22:18 - [TEST_STEP][PASSED] - setText(findTestObject("Submit Application/Page_Online Application for Intelle/4_Page_GeneralInformation/General info Page 1/input__fName"), "FirstName"): Text 'FirstName' is set on object 'Object Repository/Submit Application/Page_Online Application for Intelle/4_Page_GeneralInformation/General info Page 1/input__fName'

2019-01-28 11:22:19 - [MESSAGE][PASSED] - Text 'FirstName' is set on object 'Object Repository/Submit Application/Page_Online Application for Intelle/4_Page_GeneralInformation/General info Page 1/input__fName'

2019-01-28 11:22:19 - [TEST_STEP][PASSED] - setText(findTestObject("Submit Application/Page_Online Application for Intelle/4_Page_GeneralInformation/General info Page 1/input__lName"), "LastName"): Text 'LastName' is set on object 'Object Repository/Submit Application/Page_Online Application for Intelle/4_Page_GeneralInformation/General info Page 1/input__lName'

2019-01-28 11:22:19 - [MESSAGE][PASSED] - Text 'LastName' is set on object 'Object Repository/Submit Application/Page_Online Application for Intelle/4_Page_GeneralInformation/General info Page 1/input__lName'

2019-01-28 11:22:19 - [TEST_STEP][PASSED] - setText(findTestObject("Submit Application/Page_Online Application for Intelle/4_Page_GeneralInformation/General info Page 1/input__dob"), "01/01/1990"): Text '01/01/1990' is set on object 'Object Repository/Submit Application/Page_Online Application for Intelle/4_Page_GeneralInformation/General info Page 1/input__dob'

2019-01-28 11:22:20 - [MESSAGE][PASSED] - Text '01/01/1990' is set on object 'Object Repository/Submit Application/Page_Online Application for Intelle/4_Page_GeneralInformation/General info Page 1/input__dob'

2019-01-28 11:22:20 - [TEST_STEP][PASSED] - click(findTestObject("Submit Application/Page_Online Application for Intelle/4_Page_GeneralInformation/General info Page 1/label_Select_Gender")): Object: 'Object Repository/Submit Application/Page_Online Application for Intelle/4_Page_GeneralInformation/General info Page 1/label_Select_Gender' is clicked on

2019-01-28 11:22:21 - [MESSAGE][PASSED] - Object: 'Object Repository/Submit Application/Page_Online Application for Intelle/4_Page_GeneralInformation/General info Page 1/label_Select_Gender' is clicked on

2019-01-28 11:22:21 - [TEST_STEP][NOT_RUN] - Thread.sleep(2000): NOT_RUN: Thread.sleep(2000)

2019-01-28 11:22:21 - [MESSAGE][NOT_RUN] - NOT_RUN: Thread.sleep(2000)

2019-01-28 11:22:21 - [TEST_STEP][PASSED] - click(findTestObject("Submit Application/Page_Online Application for Intelle/4_Page_GeneralInformation/General info Page 1/li_Male")): Object: 'Object Repository/Submit Application/Page_Online Application for Intelle/4_Page_GeneralInformation/General info Page 1/li_Male' is clicked on

2019-01-28 11:22:21 - [MESSAGE][PASSED] - Object: 'Object Repository/Submit Application/Page_Online Application for Intelle/4_Page_GeneralInformation/General info Page 1/li_Male' is clicked on

2019-01-28 11:22:21 - [TEST_STEP][PASSED] - click(findTestObject("Submit Application/Page_Online Application for Intelle/4_Page_GeneralInformation/General info Page 1/label_Select_MaritalStatus")): Object: 'Object Repository/Submit Application/Page_Online Application for Intelle/4_Page_GeneralInformation/General info Page 1/label_Select_MaritalStatus' is clicked on

2019-01-28 11:22:22 - [MESSAGE][PASSED] - Object: 'Object Repository/Submit Application/Page_Online Application for Intelle/4_Page_GeneralInformation/General info Page 1/label_Select_MaritalStatus' is clicked on

2019-01-28 11:22:22 - [TEST_STEP][PASSED] - click(findTestObject("Submit Application/Page_Online Application for Intelle/4_Page_GeneralInformation/General info Page 1/li_Married")): Object: 'Object Repository/Submit Application/Page_Online Application for Intelle/4_Page_GeneralInformation/General info Page 1/li_Married' is clicked on

2019-01-28 11:22:22 - [MESSAGE][PASSED] - Object: 'Object Repository/Submit Application/Page_Online Application for Intelle/4_Page_GeneralInformation/General info Page 1/li_Married' is clicked on

2019-01-28 11:22:22 - [TEST_STEP][NOT_RUN] - Thread.sleep(2000): NOT_RUN: Thread.sleep(2000)

2019-01-28 11:22:22 - [MESSAGE][NOT_RUN] - NOT_RUN: Thread.sleep(2000)

2019-01-28 11:22:22 - [TEST_STEP][PASSED] - click(findTestObject("Submit Application/Page_Online Application for Intelle/4_Page_GeneralInformation/General info Page 1/label_Select_Race")): Object: 'Object Repository/Submit Application/Page_Online Application for Intelle/4_Page_GeneralInformation/General info Page 1/label_Select_Race' is clicked on

2019-01-28 11:22:23 - [MESSAGE][PASSED] - Object: 'Object Repository/Submit Application/Page_Online Application for Intelle/4_Page_GeneralInformation/General info Page 1/label_Select_Race' is clicked on

2019-01-28 11:22:23 - [TEST_STEP][PASSED] - click(findTestObject("Submit Application/Page_Online Application for Intelle/4_Page_GeneralInformation/General info Page 1/li_WhiteCaucasian")): Object: 'Object Repository/Submit Application/Page_Online Application for Intelle/4_Page_GeneralInformation/General info Page 1/li_WhiteCaucasian' is clicked on

2019-01-28 11:22:23 - [MESSAGE][PASSED] - Object: 'Object Repository/Submit Application/Page_Online Application for Intelle/4_Page_GeneralInformation/General info Page 1/li_WhiteCaucasian' is clicked on

2019-01-28 11:22:23 - [TEST_STEP][PASSED] - click(findTestObject("Submit Application/Page_Online Application for Intelle/4_Page_GeneralInformation/General info Page 1/label_Select_Hispanic")): Object: 'Object Repository/Submit Application/Page_Online Application for Intelle/4_Page_GeneralInformation/General info Page 1/label_Select_Hispanic' is clicked on

2019-01-28 11:22:24 - [MESSAGE][PASSED] - Object: 'Object Repository/Submit Application/Page_Online Application for Intelle/4_Page_GeneralInformation/General info Page 1/label_Select_Hispanic' is clicked on

2019-01-28 11:22:24 - [TEST_STEP][PASSED] - click(findTestObject("Submit Application/Page_Online Application for Intelle/4_Page_GeneralInformation/General info Page 1/li_No")): Object: 'Object Repository/Submit Application/Page_Online Application for Intelle/4_Page_GeneralInformation/General info Page 1/li_No' is clicked on

2019-01-28 11:22:24 - [MESSAGE][PASSED] - Object: 'Object Repository/Submit Application/Page_Online Application for Intelle/4_Page_GeneralInformation/General info Page 1/li_No' is clicked on

2019-01-28 11:22:24 - [TEST_STEP][PASSED] - setText(findTestObject("Submit Application/Page_Online Application for Intelle/4_Page_GeneralInformation/General info Page 1/input__SSN"), "800-10-0101"): Text '800-10-0101' is set on object 'Object Repository/Submit Application/Page_Online Application for Intelle/4_Page_GeneralInformation/General info Page 1/input__SSN'

2019-01-28 11:22:25 - [MESSAGE][PASSED] - Text '800-10-0101' is set on object 'Object Repository/Submit Application/Page_Online Application for Intelle/4_Page_GeneralInformation/General info Page 1/input__SSN'

2019-01-28 11:22:25 - [TEST_STEP][PASSED] - click(findTestObject("Submit Application/Page_Online Application for Intelle/4_Page_GeneralInformation/General info Page 1/label_Select_CurrentLivingArrangements")): Object: 'Object Repository/Submit Application/Page_Online Application for Intelle/4_Page_GeneralInformation/General info Page 1/label_Select_CurrentLivingArrangements' is clicked on

2019-01-28 11:22:25 - [MESSAGE][PASSED] - Object: 'Object Repository/Submit Application/Page_Online Application for Intelle/4_Page_GeneralInformation/General info Page 1/label_Select_CurrentLivingArrangements' is clicked on

2019-01-28 11:22:25 - [TEST_STEP][PASSED] - click(findTestObject("Submit Application/Page_Online Application for Intelle/4_Page_GeneralInformation/General info Page 1/li_Community living arrangemen")): Object: 'Object Repository/Submit Application/Page_Online Application for Intelle/4_Page_GeneralInformation/General info Page 1/li_Community living arrangemen' is clicked on

2019-01-28 11:22:26 - [MESSAGE][PASSED] - Object: 'Object Repository/Submit Application/Page_Online Application for Intelle/4_Page_GeneralInformation/General info Page 1/li_Community living arrangemen' is clicked on

2019-01-28 11:22:26 - [TEST_STEP][PASSED] - setText(findTestObject("Submit Application/Page_Online Application for Intelle/4_Page_GeneralInformation/General info Page 1/input__pphoneNumber"), "(111) 111-1111"): Text '(111) 111-1111' is set on object 'Object Repository/Submit Application/Page_Online Application for Intelle/4_Page_GeneralInformation/General info Page 1/input__pphoneNumber'

2019-01-28 11:22:26 - [MESSAGE][PASSED] - Text '(111) 111-1111' is set on object 'Object Repository/Submit Application/Page_Online Application for Intelle/4_Page_GeneralInformation/General info Page 1/input__pphoneNumber'

2019-01-28 11:22:26 - [TEST_STEP][PASSED] - setText(findTestObject("Submit Application/Page_Online Application for Intelle/4_Page_GeneralInformation/General info Page 1/input__generalStreetPrimary_pr"), "3 Ravinia Dr, At"): Text '3 Ravinia Dr, At' is set on object 'Object Repository/Submit Application/Page_Online Application for Intelle/4_Page_GeneralInformation/General info Page 1/input__generalStreetPrimary_pr'

2019-01-28 11:22:28 - [MESSAGE][PASSED] - Text '3 Ravinia Dr, At' is set on object 'Object Repository/Submit Application/Page_Online Application for Intelle/4_Page_GeneralInformation/General info Page 1/input__generalStreetPrimary_pr'

2019-01-28 11:22:28 - [TEST_STEP][PASSED] - Thread.sleep(1000): null

2019-01-28 11:22:29 - [TEST_STEP][PASSED] - sendKeys(findTestObject("Submit Application/Page_Online Application for Intelle/4_Page_GeneralInformation/General info Page 1/input__generalStreetPrimary_pr"), Keys.chord(ARROW_DOWN, ENTER)): Keys 'DOWN + ENTER + ' sent to object: 'Object Repository/Submit Application/Page_Online Application for Intelle/4_Page_GeneralInformation/General info Page 1/input__generalStreetPrimary_pr'

2019-01-28 11:22:29 - [MESSAGE][PASSED] - Keys 'DOWN + ENTER + ' sent to object: 'Object Repository/Submit Application/Page_Online Application for Intelle/4_Page_GeneralInformation/General info Page 1/input__generalStreetPrimary_pr'

2019-01-28 11:22:29 - [TEST_STEP][NOT_RUN] - Thread.sleep(1000): NOT_RUN: Thread.sleep(1000)

2019-01-28 11:22:29 - [MESSAGE][NOT_RUN] - NOT_RUN: Thread.sleep(1000)

2019-01-28 11:22:29 - [TEST_STEP][PASSED] - click(findTestObject("Submit Application/Page_Online Application for Intelle/4_Page_GeneralInformation/General info Page 1/input_Yes_law (1)")): Object: 'Object Repository/Submit Application/Page_Online Application for Intelle/4_Page_GeneralInformation/General info Page 1/input_Yes_law (1)' is clicked on

2019-01-28 11:22:30 - [MESSAGE][PASSED] - Object: 'Object Repository/Submit Application/Page_Online Application for Intelle/4_Page_GeneralInformation/General info Page 1/input_Yes_law (1)' is clicked on

2019-01-28 11:22:30 - [TEST_STEP][PASSED] - Thread.sleep(1000): null

2019-01-28 11:22:31 - [TEST_STEP][PASSED] - click(findTestObject("Submit Application/Page_Online Application for Intelle/4_Page_GeneralInformation/General info Page 1/input_No_veteran (1)")): Object: 'Object Repository/Submit Application/Page_Online Application for Intelle/4_Page_GeneralInformation/General info Page 1/input_No_veteran (1)' is clicked on

2019-01-28 11:22:32 - [MESSAGE][PASSED] - Object: 'Object Repository/Submit Application/Page_Online Application for Intelle/4_Page_GeneralInformation/General info Page 1/input_No_veteran (1)' is clicked on

2019-01-28 11:22:32 - [TEST_STEP][PASSED] - Thread.sleep(1000): null

2019-01-28 11:22:33 - [TEST_STEP][PASSED] - click(findTestObject("Submit Application/Page_Online Application for Intelle/4_Page_GeneralInformation/General info Page 1/CheckhereifMailingAddressisSame")): Object: 'Object Repository/Submit Application/Page_Online Application for Intelle/4_Page_GeneralInformation/General info Page 1/CheckhereifMailingAddressisSame' is clicked on

2019-01-28 11:22:33 - [MESSAGE][PASSED] - Object: 'Object Repository/Submit Application/Page_Online Application for Intelle/4_Page_GeneralInformation/General info Page 1/CheckhereifMailingAddressisSame' is clicked on

2019-01-28 11:22:33 - [TEST_STEP][NOT_RUN] - Thread.sleep(1000): NOT_RUN: Thread.sleep(1000)

2019-01-28 11:22:33 - [MESSAGE][NOT_RUN] - NOT_RUN: Thread.sleep(1000)

2019-01-28 11:22:33 - [TEST_STEP][PASSED] - scrollToElement(findTestObject("Submit Application/Page_Online Application for Intelle/4_Page_GeneralInformation/General info Page 1/button_Next Page"), 0): Scroll to object 'Object Repository/Submit Application/Page_Online Application for Intelle/4_Page_GeneralInformation/General info Page 1/button_Next Page' successfully

2019-01-28 11:22:33 - [MESSAGE][WARNING] - Timeout '0' is invalid. Using default page load timeout: '30'

2019-01-28 11:22:33 - [MESSAGE][PASSED] - Scroll to object 'Object Repository/Submit Application/Page_Online Application for Intelle/4_Page_GeneralInformation/General info Page 1/button_Next Page' successfully

2019-01-28 11:22:33 - [TEST_STEP][PASSED] - click(findTestObject("Submit Application/Page_Online Application for Intelle/4_Page_GeneralInformation/General info Page 1/button_Next Page")): Object: 'Object Repository/Submit Application/Page_Online Application for Intelle/4_Page_GeneralInformation/General info Page 1/button_Next Page' is clicked on

2019-01-28 11:22:34 - [MESSAGE][PASSED] - Object: 'Object Repository/Submit Application/Page_Online Application for Intelle/4_Page_GeneralInformation/General info Page 1/button_Next Page' is clicked on

2019-01-28 11:22:34 - [TEST_STEP][PASSED] - Thread.sleep(1000): null

2019-01-28 11:22:35 - [TEST_STEP][FAILED] - setText(findTestObject("Submit Application/Page_Online Application for Intelle/4_Page_GeneralInformation/General info Page 2/input__pFName"), "PrimaryName"): setText(findTestObject("Submit Application/Page_Online Application for Intelle/4_Page_GeneralInformation/General info Page 2/input__pFName"), "PrimaryName") FAILED.
Reason:
com.kms.katalon.core.exception.StepFailedException: Unable to set text 'PrimaryName' of object 'Object Repository/Submit Application/Page_Online Application for Intelle/4_Page_GeneralInformation/General info Page 2/input__pFName' (Root cause: org.openqa.selenium.ElementNotInteractableException: Element <input id="generalPrimaryFirstname" class="form-control ng-untouched ng-pristine ng-invalid" name="pFName" type="text"> could not be scrolled into view
Build info: version: '3.7.1', revision: '8a0099a', time: '2017-11-06T21:07:36.161Z'
System info: host: 'CPX-SJJHSRSSIFU', ip: '10.0.75.1', os.name: 'Windows 10', os.arch: 'amd64', os.version: '10.0', java.version: '1.8.0_181'
Driver info: com.kms.katalon.core.webui.driver.firefox.CGeckoDriver
Capabilities {acceptInsecureCerts: true, browserName: firefox, browserVersion: 64.0.2, javascriptEnabled: true, moz:accessibilityChecks: false, moz:geckodriverVersion: 0.23.0, moz:headless: false, moz:processID: 2179456, moz:profile: C:\Users\mitali.p.shah\AppD..., moz:shutdownTimeout: 60000, moz:useNonSpecCompliantPointerOrigin: false, moz:webdriverClick: true, pageLoadStrategy: normal, platform: WINDOWS, platformName: WINDOWS, platformVersion: 10.0, proxy: Proxy(direct), rotatable: false, setWindowRect: true, timeouts: {implicit: 0, pageLoad: 300000, script: 30000}, unhandledPromptBehavior: dismiss and notify}
Session ID: 04f3e94b-bee2-44a5-acc1-a3fbccebc08d)
	at com.kms.katalon.core.keyword.internal.KeywordMain.stepFailed(KeywordMain.groovy:36)
	at com.kms.katalon.core.webui.keyword.internal.WebUIKeywordMain.stepFailed(WebUIKeywordMain.groovy:65)
	at com.kms.katalon.core.webui.keyword.internal.WebUIKeywordMain.runKeyword(WebUIKeywordMain.groovy:27)
	at com.kms.katalon.core.webui.keyword.builtin.SetTextKeyword.setText(SetTextKeyword.groovy:65)
	at com.kms.katalon.core.webui.keyword.builtin.SetTextKeyword.execute(SetTextKeyword.groovy:37)
	at com.kms.katalon.core.keyword.internal.KeywordExecutor.executeKeywordForPlatform(KeywordExecutor.groovy:53)
	at com.kms.katalon.core.webui.keyword.WebUiBuiltInKeywords.setText(WebUiBuiltInKeywords.groovy:950)
	at com.kms.katalon.core.webui.keyword.WebUiBuiltInKeywords$setText$1.call(Unknown Source)
	at Submit Application.run(Submit Application:120)
	at com.kms.katalon.core.main.ScriptEngine.run(ScriptEngine.java:194)
	at com.kms.katalon.core.main.ScriptEngine.runScriptAsRawText(ScriptEngine.java:119)
	at com.kms.katalon.core.main.TestCaseExecutor.runScript(TestCaseExecutor.java:328)
	at com.kms.katalon.core.main.TestCaseExecutor.doExecute(TestCaseExecutor.java:319)
	at com.kms.katalon.core.main.TestCaseExecutor.processExecutionPhase(TestCaseExecutor.java:298)
	at com.kms.katalon.core.main.TestCaseExecutor.accessMainPhase(TestCaseExecutor.java:290)
	at com.kms.katalon.core.main.TestCaseExecutor.execute(TestCaseExecutor.java:224)
	at com.kms.katalon.core.main.TestSuiteExecutor.accessTestCaseMainPhase(TestSuiteExecutor.java:129)
	at com.kms.katalon.core.main.TestSuiteExecutor.accessTestSuiteMainPhase(TestSuiteExecutor.java:112)
	at com.kms.katalon.core.main.TestSuiteExecutor.execute(TestSuiteExecutor.java:81)
	at com.kms.katalon.core.main.TestCaseMain.startTestSuite(TestCaseMain.java:149)
	at com.kms.katalon.core.main.TestCaseMain$startTestSuite$0.call(Unknown Source)
	at TempTestSuite1548692467620.run(TempTestSuite1548692467620.groovy:36)


2019-01-28 11:22:35 - [MESSAGE][FAILED] - Unable to set text 'PrimaryName' of object 'Object Repository/Submit Application/Page_Online Application for Intelle/4_Page_GeneralInformation/General info Page 2/input__pFName' (Root cause: org.openqa.selenium.ElementNotInteractableException: Element <input id="generalPrimaryFirstname" class="form-control ng-untouched ng-pristine ng-invalid" name="pFName" type="text"> could not be scrolled into view
Build info: version: '3.7.1', revision: '8a0099a', time: '2017-11-06T21:07:36.161Z'
System info: host: 'CPX-SJJHSRSSIFU', ip: '10.0.75.1', os.name: 'Windows 10', os.arch: 'amd64', os.version: '10.0', java.version: '1.8.0_181'
Driver info: com.kms.katalon.core.webui.driver.firefox.CGeckoDriver
Capabilities {acceptInsecureCerts: true, browserName: firefox, browserVersion: 64.0.2, javascriptEnabled: true, moz:accessibilityChecks: false, moz:geckodriverVersion: 0.23.0, moz:headless: false, moz:processID: 2179456, moz:profile: C:\Users\mitali.p.shah\AppD..., moz:shutdownTimeout: 60000, moz:useNonSpecCompliantPointerOrigin: false, moz:webdriverClick: true, pageLoadStrategy: normal, platform: WINDOWS, platformName: WINDOWS, platformVersion: 10.0, proxy: Proxy(direct), rotatable: false, setWindowRect: true, timeouts: {implicit: 0, pageLoad: 300000, script: 30000}, unhandledPromptBehavior: dismiss and notify}
Session ID: 04f3e94b-bee2-44a5-acc1-a3fbccebc08d)
[[ATTACHMENT|C:\\Users\\mitali.p.shah\\Katalon Studio\\POCGeorgiaPower\\Reports\\Submit App\\20190128_112107\\1548692555446.png]]

2019-01-28 11:22:35 - [MESSAGE][FAILED] - setText(findTestObject("Submit Application/Page_Online Application for Intelle/4_Page_GeneralInformation/General info Page 2/input__pFName"), "PrimaryName") FAILED.
Reason:
com.kms.katalon.core.exception.StepFailedException: Unable to set text 'PrimaryName' of object 'Object Repository/Submit Application/Page_Online Application for Intelle/4_Page_GeneralInformation/General info Page 2/input__pFName' (Root cause: org.openqa.selenium.ElementNotInteractableException: Element <input id="generalPrimaryFirstname" class="form-control ng-untouched ng-pristine ng-invalid" name="pFName" type="text"> could not be scrolled into view
Build info: version: '3.7.1', revision: '8a0099a', time: '2017-11-06T21:07:36.161Z'
System info: host: 'CPX-SJJHSRSSIFU', ip: '10.0.75.1', os.name: 'Windows 10', os.arch: 'amd64', os.version: '10.0', java.version: '1.8.0_181'
Driver info: com.kms.katalon.core.webui.driver.firefox.CGeckoDriver
Capabilities {acceptInsecureCerts: true, browserName: firefox, browserVersion: 64.0.2, javascriptEnabled: true, moz:accessibilityChecks: false, moz:geckodriverVersion: 0.23.0, moz:headless: false, moz:processID: 2179456, moz:profile: C:\Users\mitali.p.shah\AppD..., moz:shutdownTimeout: 60000, moz:useNonSpecCompliantPointerOrigin: false, moz:webdriverClick: true, pageLoadStrategy: normal, platform: WINDOWS, platformName: WINDOWS, platformVersion: 10.0, proxy: Proxy(direct), rotatable: false, setWindowRect: true, timeouts: {implicit: 0, pageLoad: 300000, script: 30000}, unhandledPromptBehavior: dismiss and notify}
Session ID: 04f3e94b-bee2-44a5-acc1-a3fbccebc08d)
	at com.kms.katalon.core.keyword.internal.KeywordMain.stepFailed(KeywordMain.groovy:36)
	at com.kms.katalon.core.webui.keyword.internal.WebUIKeywordMain.stepFailed(WebUIKeywordMain.groovy:65)
	at com.kms.katalon.core.webui.keyword.internal.WebUIKeywordMain.runKeyword(WebUIKeywordMain.groovy:27)
	at com.kms.katalon.core.webui.keyword.builtin.SetTextKeyword.setText(SetTextKeyword.groovy:65)
	at com.kms.katalon.core.webui.keyword.builtin.SetTextKeyword.execute(SetTextKeyword.groovy:37)
	at com.kms.katalon.core.keyword.internal.KeywordExecutor.executeKeywordForPlatform(KeywordExecutor.groovy:53)
	at com.kms.katalon.core.webui.keyword.WebUiBuiltInKeywords.setText(WebUiBuiltInKeywords.groovy:950)
	at com.kms.katalon.core.webui.keyword.WebUiBuiltInKeywords$setText$1.call(Unknown Source)
	at Submit Application.run(Submit Application:120)
	at com.kms.katalon.core.main.ScriptEngine.run(ScriptEngine.java:194)
	at com.kms.katalon.core.main.ScriptEngine.runScriptAsRawText(ScriptEngine.java:119)
	at com.kms.katalon.core.main.TestCaseExecutor.runScript(TestCaseExecutor.java:328)
	at com.kms.katalon.core.main.TestCaseExecutor.doExecute(TestCaseExecutor.java:319)
	at com.kms.katalon.core.main.TestCaseExecutor.processExecutionPhase(TestCaseExecutor.java:298)
	at com.kms.katalon.core.main.TestCaseExecutor.accessMainPhase(TestCaseExecutor.java:290)
	at com.kms.katalon.core.main.TestCaseExecutor.execute(TestCaseExecutor.java:224)
	at com.kms.katalon.core.main.TestSuiteExecutor.accessTestCaseMainPhase(TestSuiteExecutor.java:129)
	at com.kms.katalon.core.main.TestSuiteExecutor.accessTestSuiteMainPhase(TestSuiteExecutor.java:112)
	at com.kms.katalon.core.main.TestSuiteExecutor.execute(TestSuiteExecutor.java:81)
	at com.kms.katalon.core.main.TestCaseMain.startTestSuite(TestCaseMain.java:149)
	at com.kms.katalon.core.main.TestCaseMain$startTestSuite$0.call(Unknown Source)
	at TempTestSuite1548692467620.run(TempTestSuite1548692467620.groovy:36)]]></system-out>
         <system-err><![CDATA[2019-01-28 11:21:14 - [TEST_CASE][FAILED] - Test Cases/Submit Application: Test Cases/Submit Application FAILED.
Reason:
com.kms.katalon.core.exception.StepFailedException: Unable to set text 'PrimaryName' of object 'Object Repository/Submit Application/Page_Online Application for Intelle/4_Page_GeneralInformation/General info Page 2/input__pFName' (Root cause: org.openqa.selenium.ElementNotInteractableException: Element <input id="generalPrimaryFirstname" class="form-control ng-untouched ng-pristine ng-invalid" name="pFName" type="text"> could not be scrolled into view
Build info: version: '3.7.1', revision: '8a0099a', time: '2017-11-06T21:07:36.161Z'
System info: host: 'CPX-SJJHSRSSIFU', ip: '10.0.75.1', os.name: 'Windows 10', os.arch: 'amd64', os.version: '10.0', java.version: '1.8.0_181'
Driver info: com.kms.katalon.core.webui.driver.firefox.CGeckoDriver
Capabilities {acceptInsecureCerts: true, browserName: firefox, browserVersion: 64.0.2, javascriptEnabled: true, moz:accessibilityChecks: false, moz:geckodriverVersion: 0.23.0, moz:headless: false, moz:processID: 2179456, moz:profile: C:\Users\mitali.p.shah\AppD..., moz:shutdownTimeout: 60000, moz:useNonSpecCompliantPointerOrigin: false, moz:webdriverClick: true, pageLoadStrategy: normal, platform: WINDOWS, platformName: WINDOWS, platformVersion: 10.0, proxy: Proxy(direct), rotatable: false, setWindowRect: true, timeouts: {implicit: 0, pageLoad: 300000, script: 30000}, unhandledPromptBehavior: dismiss and notify}
Session ID: 04f3e94b-bee2-44a5-acc1-a3fbccebc08d)
	at com.kms.katalon.core.keyword.internal.KeywordMain.stepFailed(KeywordMain.groovy:36)
	at com.kms.katalon.core.webui.keyword.internal.WebUIKeywordMain.stepFailed(WebUIKeywordMain.groovy:65)
	at com.kms.katalon.core.webui.keyword.internal.WebUIKeywordMain.runKeyword(WebUIKeywordMain.groovy:27)
	at com.kms.katalon.core.webui.keyword.builtin.SetTextKeyword.setText(SetTextKeyword.groovy:65)
	at com.kms.katalon.core.webui.keyword.builtin.SetTextKeyword.execute(SetTextKeyword.groovy:37)
	at com.kms.katalon.core.keyword.internal.KeywordExecutor.executeKeywordForPlatform(KeywordExecutor.groovy:53)
	at com.kms.katalon.core.webui.keyword.WebUiBuiltInKeywords.setText(WebUiBuiltInKeywords.groovy:950)
	at com.kms.katalon.core.webui.keyword.WebUiBuiltInKeywords$setText$1.call(Unknown Source)
	at Submit Application.run(Submit Application:120)
	at com.kms.katalon.core.main.ScriptEngine.run(ScriptEngine.java:194)
	at com.kms.katalon.core.main.ScriptEngine.runScriptAsRawText(ScriptEngine.java:119)
	at com.kms.katalon.core.main.TestCaseExecutor.runScript(TestCaseExecutor.java:328)
	at com.kms.katalon.core.main.TestCaseExecutor.doExecute(TestCaseExecutor.java:319)
	at com.kms.katalon.core.main.TestCaseExecutor.processExecutionPhase(TestCaseExecutor.java:298)
	at com.kms.katalon.core.main.TestCaseExecutor.accessMainPhase(TestCaseExecutor.java:290)
	at com.kms.katalon.core.main.TestCaseExecutor.execute(TestCaseExecutor.java:224)
	at com.kms.katalon.core.main.TestSuiteExecutor.accessTestCaseMainPhase(TestSuiteExecutor.java:129)
	at com.kms.katalon.core.main.TestSuiteExecutor.accessTestSuiteMainPhase(TestSuiteExecutor.java:112)
	at com.kms.katalon.core.main.TestSuiteExecutor.execute(TestSuiteExecutor.java:81)
	at com.kms.katalon.core.main.TestCaseMain.startTestSuite(TestCaseMain.java:149)
	at com.kms.katalon.core.main.TestCaseMain$startTestSuite$0.call(Unknown Source)
	at TempTestSuite1548692467620.run(TempTestSuite1548692467620.groovy:36)]]></system-err>
      </testcase>
      <system-out><![CDATA[2019-01-28 11:21:13 - [TEST_SUITE][FAILED] - Submit App: Test Cases/Submit Application FAILED.
Reason:
com.kms.katalon.core.exception.StepFailedException: Unable to set text 'PrimaryName' of object 'Object Repository/Submit Application/Page_Online Application for Intelle/4_Page_GeneralInformation/General info Page 2/input__pFName' (Root cause: org.openqa.selenium.ElementNotInteractableException: Element <input id="generalPrimaryFirstname" class="form-control ng-untouched ng-pristine ng-invalid" name="pFName" type="text"> could not be scrolled into view
Build info: version: '3.7.1', revision: '8a0099a', time: '2017-11-06T21:07:36.161Z'
System info: host: 'CPX-SJJHSRSSIFU', ip: '10.0.75.1', os.name: 'Windows 10', os.arch: 'amd64', os.version: '10.0', java.version: '1.8.0_181'
Driver info: com.kms.katalon.core.webui.driver.firefox.CGeckoDriver
Capabilities {acceptInsecureCerts: true, browserName: firefox, browserVersion: 64.0.2, javascriptEnabled: true, moz:accessibilityChecks: false, moz:geckodriverVersion: 0.23.0, moz:headless: false, moz:processID: 2179456, moz:profile: C:\Users\mitali.p.shah\AppD..., moz:shutdownTimeout: 60000, moz:useNonSpecCompliantPointerOrigin: false, moz:webdriverClick: true, pageLoadStrategy: normal, platform: WINDOWS, platformName: WINDOWS, platformVersion: 10.0, proxy: Proxy(direct), rotatable: false, setWindowRect: true, timeouts: {implicit: 0, pageLoad: 300000, script: 30000}, unhandledPromptBehavior: dismiss and notify}
Session ID: 04f3e94b-bee2-44a5-acc1-a3fbccebc08d)
	at com.kms.katalon.core.keyword.internal.KeywordMain.stepFailed(KeywordMain.groovy:36)
	at com.kms.katalon.core.webui.keyword.internal.WebUIKeywordMain.stepFailed(WebUIKeywordMain.groovy:65)
	at com.kms.katalon.core.webui.keyword.internal.WebUIKeywordMain.runKeyword(WebUIKeywordMain.groovy:27)
	at com.kms.katalon.core.webui.keyword.builtin.SetTextKeyword.setText(SetTextKeyword.groovy:65)
	at com.kms.katalon.core.webui.keyword.builtin.SetTextKeyword.execute(SetTextKeyword.groovy:37)
	at com.kms.katalon.core.keyword.internal.KeywordExecutor.executeKeywordForPlatform(KeywordExecutor.groovy:53)
	at com.kms.katalon.core.webui.keyword.WebUiBuiltInKeywords.setText(WebUiBuiltInKeywords.groovy:950)
	at com.kms.katalon.core.webui.keyword.WebUiBuiltInKeywords$setText$1.call(Unknown Source)
	at Submit Application.run(Submit Application:120)
	at com.kms.katalon.core.main.ScriptEngine.run(ScriptEngine.java:194)
	at com.kms.katalon.core.main.ScriptEngine.runScriptAsRawText(ScriptEngine.java:119)
	at com.kms.katalon.core.main.TestCaseExecutor.runScript(TestCaseExecutor.java:328)
	at com.kms.katalon.core.main.TestCaseExecutor.doExecute(TestCaseExecutor.java:319)
	at com.kms.katalon.core.main.TestCaseExecutor.processExecutionPhase(TestCaseExecutor.java:298)
	at com.kms.katalon.core.main.TestCaseExecutor.accessMainPhase(TestCaseExecutor.java:290)
	at com.kms.katalon.core.main.TestCaseExecutor.execute(TestCaseExecutor.java:224)
	at com.kms.katalon.core.main.TestSuiteExecutor.accessTestCaseMainPhase(TestSuiteExecutor.java:129)
	at com.kms.katalon.core.main.TestSuiteExecutor.accessTestSuiteMainPhase(TestSuiteExecutor.java:112)
	at com.kms.katalon.core.main.TestSuiteExecutor.execute(TestSuiteExecutor.java:81)
	at com.kms.katalon.core.main.TestCaseMain.startTestSuite(TestCaseMain.java:149)
	at com.kms.katalon.core.main.TestCaseMain$startTestSuite$0.call(Unknown Source)
	at TempTestSuite1548692467620.run(TempTestSuite1548692467620.groovy:36)]]></system-out>
      <system-err><![CDATA[2019-01-28 11:21:13 - [TEST_SUITE][FAILED] - Submit App: Test Cases/Submit Application FAILED.
Reason:
com.kms.katalon.core.exception.StepFailedException: Unable to set text 'PrimaryName' of object 'Object Repository/Submit Application/Page_Online Application for Intelle/4_Page_GeneralInformation/General info Page 2/input__pFName' (Root cause: org.openqa.selenium.ElementNotInteractableException: Element <input id="generalPrimaryFirstname" class="form-control ng-untouched ng-pristine ng-invalid" name="pFName" type="text"> could not be scrolled into view
Build info: version: '3.7.1', revision: '8a0099a', time: '2017-11-06T21:07:36.161Z'
System info: host: 'CPX-SJJHSRSSIFU', ip: '10.0.75.1', os.name: 'Windows 10', os.arch: 'amd64', os.version: '10.0', java.version: '1.8.0_181'
Driver info: com.kms.katalon.core.webui.driver.firefox.CGeckoDriver
Capabilities {acceptInsecureCerts: true, browserName: firefox, browserVersion: 64.0.2, javascriptEnabled: true, moz:accessibilityChecks: false, moz:geckodriverVersion: 0.23.0, moz:headless: false, moz:processID: 2179456, moz:profile: C:\Users\mitali.p.shah\AppD..., moz:shutdownTimeout: 60000, moz:useNonSpecCompliantPointerOrigin: false, moz:webdriverClick: true, pageLoadStrategy: normal, platform: WINDOWS, platformName: WINDOWS, platformVersion: 10.0, proxy: Proxy(direct), rotatable: false, setWindowRect: true, timeouts: {implicit: 0, pageLoad: 300000, script: 30000}, unhandledPromptBehavior: dismiss and notify}
Session ID: 04f3e94b-bee2-44a5-acc1-a3fbccebc08d)
	at com.kms.katalon.core.keyword.internal.KeywordMain.stepFailed(KeywordMain.groovy:36)
	at com.kms.katalon.core.webui.keyword.internal.WebUIKeywordMain.stepFailed(WebUIKeywordMain.groovy:65)
	at com.kms.katalon.core.webui.keyword.internal.WebUIKeywordMain.runKeyword(WebUIKeywordMain.groovy:27)
	at com.kms.katalon.core.webui.keyword.builtin.SetTextKeyword.setText(SetTextKeyword.groovy:65)
	at com.kms.katalon.core.webui.keyword.builtin.SetTextKeyword.execute(SetTextKeyword.groovy:37)
	at com.kms.katalon.core.keyword.internal.KeywordExecutor.executeKeywordForPlatform(KeywordExecutor.groovy:53)
	at com.kms.katalon.core.webui.keyword.WebUiBuiltInKeywords.setText(WebUiBuiltInKeywords.groovy:950)
	at com.kms.katalon.core.webui.keyword.WebUiBuiltInKeywords$setText$1.call(Unknown Source)
	at Submit Application.run(Submit Application:120)
	at com.kms.katalon.core.main.ScriptEngine.run(ScriptEngine.java:194)
	at com.kms.katalon.core.main.ScriptEngine.runScriptAsRawText(ScriptEngine.java:119)
	at com.kms.katalon.core.main.TestCaseExecutor.runScript(TestCaseExecutor.java:328)
	at com.kms.katalon.core.main.TestCaseExecutor.doExecute(TestCaseExecutor.java:319)
	at com.kms.katalon.core.main.TestCaseExecutor.processExecutionPhase(TestCaseExecutor.java:298)
	at com.kms.katalon.core.main.TestCaseExecutor.accessMainPhase(TestCaseExecutor.java:290)
	at com.kms.katalon.core.main.TestCaseExecutor.execute(TestCaseExecutor.java:224)
	at com.kms.katalon.core.main.TestSuiteExecutor.accessTestCaseMainPhase(TestSuiteExecutor.java:129)
	at com.kms.katalon.core.main.TestSuiteExecutor.accessTestSuiteMainPhase(TestSuiteExecutor.java:112)
	at com.kms.katalon.core.main.TestSuiteExecutor.execute(TestSuiteExecutor.java:81)
	at com.kms.katalon.core.main.TestCaseMain.startTestSuite(TestCaseMain.java:149)
	at com.kms.katalon.core.main.TestCaseMain$startTestSuite$0.call(Unknown Source)
	at TempTestSuite1548692467620.run(TempTestSuite1548692467620.groovy:36)]]></system-err>
   </testsuite>
</testsuites>
